<?xml version="1.0" encoding="UTF-8"?>
<!-- Generated by org.testng.reporters.JUnitReportReporter -->
<testsuite hostname="DESKTOP-ZEN" failures="0" tests="2" name="com.juaracoding.pageobject.demoqa.TestRunAll" time="25.418" errors="2" timestamp="2022-09-20T14:16:56 WIB" skipped="0">
  <testcase classname="com.juaracoding.pageobject.demoqa.TestRunAll" name="runScenario" time="0.734">
    <error message="Cannot invoke &quot;com.relevantcodes.extentreports.ExtentTest.log(com.relevantcodes.extentreports.LogStatus, String)&quot; because &quot;com.juaracoding.pageobject.demoqa.TestShopping.extentTest&quot; is null" type="java.lang.NullPointerException">
      <![CDATA[java.lang.NullPointerException: Cannot invoke "com.relevantcodes.extentreports.ExtentTest.log(com.relevantcodes.extentreports.LogStatus, String)" because "com.juaracoding.pageobject.demoqa.TestShopping.extentTest" is null
at com.juaracoding.pageobject.demoqa.TestShopping.user_go_to_shop_web(TestShopping.java:32)
at ✽.user go to shop web(file:///C:/Users/ZB/eclipse-workspace/cucumber-testing/src/test/resources/features/3.Shopping.feature:12)
]]>
    </error>
  </testcase> <!-- runScenario -->
  <system-out/>
  <testcase classname="com.juaracoding.pageobject.demoqa.TestRunAll" name="runScenario" time="24.684">
    <error message="Cannot invoke &quot;com.relevantcodes.extentreports.ExtentTest.log(com.relevantcodes.extentreports.LogStatus, String)&quot; because &quot;com.juaracoding.pageobject.demoqa.TestShopping.extentTest&quot; is null" type="java.lang.NullPointerException">
      <![CDATA[java.lang.NullPointerException: Cannot invoke "com.relevantcodes.extentreports.ExtentTest.log(com.relevantcodes.extentreports.LogStatus, String)" because "com.juaracoding.pageobject.demoqa.TestShopping.extentTest" is null
at com.juaracoding.pageobject.demoqa.TestShopping.user_go_to_shop_web(TestShopping.java:32)
at ✽.user go to shop web(file:///C:/Users/ZB/eclipse-workspace/cucumber-testing/src/test/resources/features/3.Shopping.feature:5)
]]>
    </error>
  </testcase> <!-- runScenario -->
  <system-out/>
</testsuite> <!-- com.juaracoding.pageobject.demoqa.TestRunAll -->
